
Showing logs for build [32mcb-kubecd-environment-pr-193-85-88kkl-1[0m stage [32mfrom-build-pack[0m and container [32mstep-credential-initializer-85shx[0m
{"level":"warn","ts":1585988792.6640346,"logger":"fallback-logger","caller":"logging/config.go:69","msg":"Fetch GitHub commit ID from kodata failed: \"ref: refs/heads/0.8.0-**-support-backwards-incompats\" is not a valid GitHub commit ID"}
{"level":"info","ts":1585988792.6790888,"logger":"fallback-logger","caller":"creds-init/main.go:40","msg":"Credentials initialized."}

Showing logs for build [32mcb-kubecd-environment-pr-193-85-88kkl-1[0m stage [32mfrom-build-pack[0m and container [32mstep-working-dir-initializer-wk8mv[0m
{"level":"warn","ts":1585988794.189801,"logger":"fallback-logger","caller":"logging/config.go:69","msg":"Fetch GitHub commit ID from kodata failed: open /var/run/ko/HEAD: no such file or directory"}
{"level":"info","ts":1585988794.1912827,"logger":"fallback-logger","caller":"bash/main.go:64","msg":"Successfully executed command \"sh -c mkdir -p /workspace/source\"; output "}

Showing logs for build [32mcb-kubecd-environment-pr-193-85-88kkl-1[0m stage [32mfrom-build-pack[0m and container [32mstep-place-tools[0m

Showing logs for build [32mcb-kubecd-environment-pr-193-85-88kkl-1[0m stage [32mfrom-build-pack[0m and container [32mstep-git-source-cb-kubecd-environment-pr-193-85-88kkl-w9gjv[0m
{"level":"warn","ts":1585988798.188066,"logger":"fallback-logger","caller":"logging/config.go:69","msg":"Fetch GitHub commit ID from kodata failed: \"ref: refs/heads/0.8.0-**-support-backwards-incompats\" is not a valid GitHub commit ID"}
{"level":"info","ts":1585988799.228871,"logger":"fallback-logger","caller":"git/git.go:103","msg":"Successfully cloned https://github.com/cb-kubecd/environment-pr-193-85-boot-gke-staging.git @ master in path /workspace/source"}

Showing logs for build [32mcb-kubecd-environment-pr-193-85-88kkl-1[0m stage [32mfrom-build-pack[0m and container [32mstep-git-merge[0m
Using SHAs from PULL_REFS=master:fe5292f3af198df215560693797d8451a6a9ba1a,1:3580dfe7b111704965280c025b6baeb962859bcc
DEBUG: LC_ALL=C JX_LOG_LEVEL=error git fetch origin --unshallow 3580dfe7b111704965280c025b6baeb962859bcc: fe5292f3af198df215560693797d8451a6a9ba1a:
DEBUG: ran git fetch --unshallow origin 3580dfe7b111704965280c025b6baeb962859bcc: fe5292f3af198df215560693797d8451a6a9ba1a: in 
DEBUG: LC_ALL=C JX_LOG_LEVEL=error git branch
DEBUG: LC_ALL=C JX_LOG_LEVEL=error git checkout master
DEBUG: ran git checkout master in 
DEBUG: LC_ALL=C JX_LOG_LEVEL=error git reset --hard fe5292f3af198df215560693797d8451a6a9ba1a
DEBUG: ran git reset --hard fe5292f3af198df215560693797d8451a6a9ba1a in 
DEBUG: LC_ALL=C JX_LOG_LEVEL=error git clean -fd .
DEBUG: ran clean --force -d . in 
DEBUG: JX_LOG_LEVEL=error LC_ALL=C git merge 3580dfe7b111704965280c025b6baeb962859bcc
DEBUG: ran git merge 3580dfe7b111704965280c025b6baeb962859bcc in 
DEBUG: LC_ALL=C JX_LOG_LEVEL=error git log --format=%H%x1f%an%x1f%ae%x1f%cn%x1f%ce%x1f%s%n%b%x1e fe5292f3af198df215560693797d8451a6a9ba1a..HEAD
Merged SHA 3580dfe7b111704965280c025b6baeb962859bcc with commit message 'chore: Promote bdd-spring-1585988507 to version 0.0.1' into base branch master

Showing logs for build [32mcb-kubecd-environment-pr-193-85-88kkl-1[0m stage [32mfrom-build-pack[0m and container [32mstep-build-helm-build[0m
WARNING: No $CHART_REPOSITORY defined so using the default value of: http://jenkins-x-chartmuseum:8080
Adding missing Helm repo: storage.googleapis.com https://storage.googleapis.com/chartmuseum.jenkins-x.io
WARNING: No secrets found on "helm/repos" due: reading the secret "helm/repos" from vault: no secret "helm/repos" not found in vault
Read credentials for https://storage.googleapis.com/chartmuseum.jenkins-x.io from vault helm/repos
Successfully added Helm repository storage.googleapis.com.
Adding missing Helm repo: jenkins-x-chartmuseum http://jenkins-x-chartmuseum:8080
WARNING: No secrets found on "helm/repos" due: reading the secret "helm/repos" from vault: no secret "helm/repos" not found in vault
Read credentials for http://jenkins-x-chartmuseum:8080 from vault helm/repos
Successfully added Helm repository jenkins-x-chartmuseum.
WARNING: No $CHART_REPOSITORY defined so using the default value of: http://jenkins-x-chartmuseum:8080
Adding missing Helm repo: chartmuseum.jenkins-x.io http://chartmuseum.jenkins-x.io
WARNING: No secrets found on "helm/repos" due: reading the secret "helm/repos" from vault: no secret "helm/repos" not found in vault
Read credentials for http://chartmuseum.jenkins-x.io from vault helm/repos
Successfully added Helm repository chartmuseum.jenkins-x.io.
